mode: set
microservice/service/userservice.go:12.79,16.16 4 1
microservice/service/userservice.go:16.16,18.3 1 1
microservice/service/userservice.go:19.2,19.18 1 1
microservice/service/userservice.go:22.64,24.19 2 1
microservice/service/userservice.go:24.19,26.3 1 1
microservice/service/userservice.go:27.2,28.16 2 1
microservice/service/userservice.go:28.16,30.3 1 0
microservice/service/userservice.go:31.2,31.12 1 1
microservice/service/walletservice.go:12.72,13.32 1 1
microservice/service/walletservice.go:13.32,15.3 1 0
microservice/service/walletservice.go:16.2,17.16 2 1
microservice/service/walletservice.go:17.16,19.3 1 0
microservice/service/walletservice.go:20.2,22.37 3 1
microservice/service/walletservice.go:22.37,24.3 1 1
microservice/service/walletservice.go:25.2,25.36 1 1
microservice/service/walletservice.go:25.36,27.3 1 1
microservice/service/walletservice.go:28.2,30.71 2 1
microservice/service/walletservice.go:30.71,32.3 1 0
microservice/service/walletservice.go:33.2,33.13 1 1
microservice/service/walletservice.go:33.13,35.3 1 0
microservice/service/walletservice.go:36.2,37.16 2 1
microservice/service/walletservice.go:37.16,39.3 1 0
microservice/service/walletservice.go:40.2,41.16 2 1
microservice/service/walletservice.go:41.16,43.3 1 0
microservice/service/walletservice.go:44.2,44.35 1 1
microservice/service/walletservice.go:44.35,46.3 1 0
microservice/service/walletservice.go:47.2,47.12 1 1
microservice/service/walletservice.go:50.71,51.32 1 1
microservice/service/walletservice.go:51.32,53.3 1 0
microservice/service/walletservice.go:54.2,55.16 2 1
microservice/service/walletservice.go:55.16,57.3 1 0
microservice/service/walletservice.go:58.2,60.35 3 1
microservice/service/walletservice.go:60.35,61.38 1 1
microservice/service/walletservice.go:61.38,63.4 1 1
microservice/service/walletservice.go:64.3,65.17 2 1
microservice/service/walletservice.go:65.17,67.4 1 0
microservice/service/walletservice.go:68.3,69.17 2 1
microservice/service/walletservice.go:69.17,71.4 1 0
microservice/service/walletservice.go:72.3,72.36 1 1
microservice/service/walletservice.go:72.36,74.4 1 0
microservice/service/walletservice.go:75.3,75.13 1 1
microservice/service/walletservice.go:76.8,78.3 1 1
microservice/service/walletservice.go:82.79,83.32 1 1
microservice/service/walletservice.go:83.32,85.3 1 1
microservice/service/walletservice.go:86.2,87.16 2 1
microservice/service/walletservice.go:87.16,89.3 1 0
microservice/service/walletservice.go:90.2,92.37 3 1
microservice/service/walletservice.go:92.37,94.3 1 0
microservice/service/walletservice.go:95.2,95.26 1 1
microservice/service/walletservice.go:96.17,97.3 1 1
microservice/service/walletservice.go:97.3,99.18 2 1
microservice/service/walletservice.go:99.18,101.5 1 0
microservice/service/walletservice.go:102.4,103.18 2 1
microservice/service/walletservice.go:103.18,105.5 1 0
microservice/service/walletservice.go:106.4,106.37 1 1
microservice/service/walletservice.go:106.37,108.5 1 0
microservice/service/walletservice.go:109.4,109.14 1 1
microservice/service/walletservice.go:111.18,112.3 1 1
microservice/service/walletservice.go:112.3,115.73 2 1
microservice/service/walletservice.go:115.73,117.5 1 0
microservice/service/walletservice.go:118.4,118.15 1 1
microservice/service/walletservice.go:118.15,120.5 1 0
microservice/service/walletservice.go:121.4,122.18 2 1
microservice/service/walletservice.go:122.18,124.5 1 0
microservice/service/walletservice.go:125.4,126.18 2 1
microservice/service/walletservice.go:126.18,128.5 1 0
microservice/service/walletservice.go:129.4,129.37 1 1
microservice/service/walletservice.go:129.37,131.5 1 0
microservice/service/walletservice.go:132.4,132.14 1 1
microservice/service/walletservice.go:134.10,135.70 1 1
microservice/service/walletservice.go:135.70,137.4 1 1
microservice/service/walletservice.go:139.2,139.12 1 0
microservice/service/walletservice.go:143.83,147.16 4 1
microservice/service/walletservice.go:147.16,149.3 1 1
microservice/service/walletservice.go:150.2,150.20 1 1
microservice/service/walletservice.go:153.71,155.57 2 1
microservice/service/walletservice.go:155.57,157.3 1 0
microservice/service/walletservice.go:157.8,157.61 1 1
microservice/service/walletservice.go:157.61,159.3 1 1
microservice/service/walletservice.go:159.8,161.17 2 1
microservice/service/walletservice.go:161.17,163.4 1 0
microservice/service/walletservice.go:164.3,164.13 1 1
